[ 2014-10-29T09:41:14+08:00 ] ::1 /meicry/
INFO: [ app_init ] --START--
INFO: Run Behavior\BuildLiteBehavior [ RunTime:0.000000s ]
INFO: [ app_init ] --END-- [ RunTime:0.000000s ]

[ 2014-10-29T10:13:45+08:00 ] ::1 /meicry/
INFO: [ app_init ] --START--
INFO: Run Behavior\BuildLiteBehavior [ RunTime:0.000000s ]
INFO: [ app_init ] --END-- [ RunTime:0.001000s ]
ERR: 1054:Unknown column '$theme' in 'where clause'
 [ SQL语句 ] : SELECT `image_url`,`id` FROM `item` WHERE ( theme=$theme ) 

[ 2014-10-29T10:14:04+08:00 ] ::1 /meicry/
INFO: [ app_init ] --START--
INFO: Run Behavior\BuildLiteBehavior [ RunTime:0.000000s ]
INFO: [ app_init ] --END-- [ RunTime:0.001000s ]
ERR: 1054:Unknown column '$theme' in 'where clause'
 [ SQL语句 ] : SELECT `image_url`,`id` FROM `item` WHERE ( theme=$theme ) 

[ 2014-10-29T10:28:22+08:00 ] ::1 /meicry/
INFO: [ app_init ] --START--
INFO: Run Behavior\BuildLiteBehavior [ RunTime:0.000000s ]
INFO: [ app_init ] --END-- [ RunTime:0.001000s ]
ERR: 1054:Unknown column '$theme' in 'where clause'
 [ SQL语句 ] : SELECT `image_url`,`id` FROM `item` WHERE ( theme=$theme ) 

[ 2014-10-29T10:32:25+08:00 ] ::1 /meicry/
INFO: [ app_init ] --START--
INFO: Run Behavior\BuildLiteBehavior [ RunTime:0.000000s ]
INFO: [ app_init ] --END-- [ RunTime:0.001000s ]

[ 2014-10-29T10:32:52+08:00 ] ::1 /meicry/
INFO: [ app_init ] --START--
INFO: Run Behavior\BuildLiteBehavior [ RunTime:0.000000s ]
INFO: [ app_init ] --END-- [ RunTime:0.001000s ]

[ 2014-10-29T10:33:32+08:00 ] ::1 /meicry/
INFO: [ app_init ] --START--
INFO: Run Behavior\BuildLiteBehavior [ RunTime:0.000000s ]
INFO: [ app_init ] --END-- [ RunTime:0.001000s ]

[ 2014-10-29T10:37:48+08:00 ] ::1 /meicry/index.php/
INFO: [ app_init ] --START--
INFO: Run Behavior\BuildLiteBehavior [ RunTime:0.000000s ]
INFO: [ app_init ] --END-- [ RunTime:0.000000s ]

[ 2014-10-29T10:38:06+08:00 ] ::1 /meicry/index.php/Home
INFO: [ app_init ] --START--
INFO: Run Behavior\BuildLiteBehavior [ RunTime:0.000000s ]
INFO: [ app_init ] --END-- [ RunTime:0.000000s ]

[ 2014-10-29T10:38:25+08:00 ] ::1 /meicry/index.php/Home/Index
INFO: [ app_init ] --START--
INFO: Run Behavior\BuildLiteBehavior [ RunTime:0.000000s ]
INFO: [ app_init ] --END-- [ RunTime:0.001000s ]

[ 2014-10-29T10:38:52+08:00 ] ::1 /meicry/index.php/Home/Index/getImageByTheme_encode?theme=1
INFO: [ app_init ] --START--
INFO: Run Behavior\BuildLiteBehavior [ RunTime:0.000000s ]
INFO: [ app_init ] --END-- [ RunTime:0.001000s ]

[ 2014-10-29T11:02:05+08:00 ] ::1 /meicry/
INFO: [ app_init ] --START--
INFO: Run Behavior\BuildLiteBehavior [ RunTime:0.000000s ]
INFO: [ app_init ] --END-- [ RunTime:0.001001s ]

[ 2014-10-29T11:04:09+08:00 ] ::1 /meicry/
INFO: [ app_init ] --START--
INFO: Run Behavior\BuildLiteBehavior [ RunTime:0.001000s ]
INFO: [ app_init ] --END-- [ RunTime:0.001000s ]

[ 2014-10-29T12:40:44+08:00 ] ::1 /meicry/
INFO: [ app_init ] --START--
INFO: Run Behavior\BuildLiteBehavior [ RunTime:0.000000s ]
INFO: [ app_init ] --END-- [ RunTime:0.000000s ]
ERR: Host 'ZHANGYINAN-L11.corp.qihoo.net' is not allowed to connect to this MySQL server

[ 2014-10-29T12:57:51+08:00 ] ::1 /meicry/
INFO: [ app_init ] --START--
INFO: Run Behavior\BuildLiteBehavior [ RunTime:0.000000s ]
INFO: [ app_init ] --END-- [ RunTime:0.001000s ]

